00:00:00.005593 main     VirtualBox COM Server 6.1.18 r142142 win.amd64 (Jan  7 2021 15:32:19) release log
00:00:00.005598 main     Log opened 2021-01-26T14:21:45.374658600Z
00:00:00.005599 main     Build Type: release
00:00:00.005605 main     OS Product: Windows 10
00:00:00.005606 main     OS Release: 10.0.19042
00:00:00.005607 main     OS Service Pack: 
00:00:00.039521 main     DMI Product Name: HP Laptop 15-db0xxx
00:00:00.057758 main     DMI Product Version: Type1ProductConfigId
00:00:00.057793 main     Firmware type: UEFI
00:00:00.058163 main     Secure Boot: VERR_PRIVILEGE_NOT_HELD
00:00:00.058188 main     Host RAM: 11939MB (11.6GB) total, 8031MB (7.8GB) available
00:00:00.058194 main     Executable: D:\VirtualBox\VBoxSVC.exe
00:00:00.058195 main     Process ID: 3644
00:00:00.058196 main     Package type: WINDOWS_64BITS_GENERIC
00:00:00.145524          VirtualBox: object creation starts
00:00:00.145928          Home directory: 'C:\Users\Siddhant\.VirtualBox'
00:00:00.146067          Installed Drivers:
00:00:00.152104            C:\WINDOWS\system32\DRIVERS\VBoxDrv.sys (Version: 6.1.18.42142)
00:00:00.152608            C:\WINDOWS\system32\DRIVERS\VBoxUSBMon.sys (Version: 6.1.18.42142)
00:00:00.153178            C:\WINDOWS\system32\DRIVERS\VBoxNetAdp6.sys (Version: 6.1.18.42142)
00:00:00.153729            C:\WINDOWS\system32\DRIVERS\VBoxNetLwf.sys (Version: 6.1.18.42142)
00:00:00.154546          Loading settings file "C:\Users\Siddhant\.VirtualBox\VirtualBox.xml" with version "1.12-windows"
00:00:00.157727          usbLibGetDevices: Starting USB device enumeration
00:00:00.170568          Getting USB descriptor (id 0) failed (dwErr=31) on hub USB#VID_05E3&PID_0608#6&26aabe83&0&2#{f18a0e88-c30c-11d0-8815-00a0c906bed8} port 1
00:00:00.170708          Getting USB descriptor (id 0) failed (dwErr=31) on hub USB#VID_05E3&PID_0608#6&26aabe83&0&2#{f18a0e88-c30c-11d0-8815-00a0c906bed8} port 3
00:00:00.174713          usbLibGetDevices: Found 4 USB devices, 0 captured
00:00:00.174837          USB: Unknown USB device detected (idVendor: 0x0bda, idProduct: 0xb009)
00:00:00.174868          USB: Unknown USB device detected (idVendor: 0x13d3, idProduct: 0x56c9)
00:00:00.338327          netIfIsWireless: CreateFile on '\\.\{AD4F3421-FEBB-4EA2-BA4F-BCD9FBF27E23}' failed with rcWin=2 (0x2) - ignoring
00:00:00.352807          HostDnsMonitor: initializing
00:00:00.367701          HostDnsMonitor: updating information
00:00:00.367747          HostDnsMonitor: old information
00:00:00.367748            no server entries
00:00:00.367749            no domain set
00:00:00.367750            no search string entries
00:00:00.367751          HostDnsMonitor: new information
00:00:00.367751            server 1: 192.168.43.189
00:00:00.367753            no domain set
00:00:00.367753            no search string entries
00:00:00.446650          SUPR0QueryVTCaps -> VERR_SVM_DISABLED
00:00:00.447381          VD: VDInit finished with VINF_SUCCESS
00:00:00.449086          VirtualBox: object created
00:02:54.630226          Saving settings file "C:\Users\Siddhant\.VirtualBox\VirtualBox.xml" with version "1.12-windows"
00:02:54.659522          Saving settings file "C:\Users\Siddhant\.VirtualBox\VirtualBox.xml" with version "1.12-windows"
00:03:00.182719 main     VirtualBox: object deletion starts
00:03:00.183620 main     HostDnsMonitor: shutting down ...
00:03:00.183683 main     HostDnsMonitor: shut down
00:03:00.186523 Watcher  ERROR [COM]: aRC=E_ACCESSDENIED (0x80070005) aIID={d0a0163f-e254-4e5b-a1f2-011cf991c38d} aComponent={VirtualBoxWrap} aText={The object is not ready}, preserve=false aResultDetail=0
00:03:00.186813 main     VirtualBox: object deleted
